
|X| | |
|-|-|-|
| |O| |
|-|-|-|
| | | |
0, 1, 0
0, 2, 0
1, 0, 0
1, 2, 0
2, 0, 0
2, 1, 0
2, 2, 0
01

|X| | |
|-|-|-|
|O|O| |
|-|-|-|
| | | |
0, 2, 1000
1, 0, 1000
1, 2, 1000
2, 0, 1000
2, 1, 0
2, 2, 1000
21

|X| | |
|-|-|-|
|O|O|X|
|-|-|-|
| | | |
0, 2, -1000
1, 0, 0
1, 2, 0
2, 0, 0
2, 2, 0
02

|X| | |
|-|-|-|
|O|O|X|
|-|-|-|
|O| | |
1, 0, 1000
1, 2, 1000
2, 0, -1000
2, 2, 1000
20

|X| |X|
|-|-|-|
|O|O|X|
|-|-|-|
|O| | |
1, 0, -1000
1, 2, -1000
2, 2, -1000
10

|X|O|X|
|-|-|-|
|O|O|X|
|-|-|-|
|O| | |
1, 2, 0
2, 2, -1000
22

|X|O|X|
|-|-|-|
|O|O|X|
|-|-|-|
|O| |X|
-1000

|X| | |
|-|-|-|
| |O| |
|-|-|-|
| | | |
0, 1, 0
0, 2, 0
1, 0, 0
1, 2, 0
2, 0, 0
2, 1, 0
2, 2, 0
01

|X| | |
|-|-|-|
|O|O| |
|-|-|-|
| | | |
0, 2, 1000
1, 0, 1000
1, 2, 1000
2, 0, 1000
2, 1, 0
2, 2, 1000
21

|X| | |
|-|-|-|
|O|O|X|
|-|-|-|
| | | |
0, 2, -1000
1, 0, 0
1, 2, 0
2, 0, 0
2, 2, 0
02

|X| | |
|-|-|-|
|O|O|X|
|-|-|-|
|O| | |
1, 0, 1000
1, 2, 1000
2, 0, -1000
2, 2, 1000
20

|X| |X|
|-|-|-|
|O|O|X|
|-|-|-|
|O| | |
1, 0, -1000
1, 2, -1000
2, 2, -1000
10

|X|O|X|
|-|-|-|
|O|O|X|
|-|-|-|
|O| | |
1, 2, 0
2, 2, -1000
22

|X|O|X|
|-|-|-|
|O|O|X|
|-|-|-|
|O| |X|
-1000
