
| | | |
|-|-|-|
| | | |
|-|-|-|
| | | |
0, 0, 0
0, 1, 0
0, 2, 0
1, 0, 0
1, 1, 0
1, 2, 0
2, 0, 0
2, 1, 0
2, 2, 0
00

|O| | |
|-|-|-|
| | | |
|-|-|-|
| | | |
0, 1, 1000
0, 2, 1000
1, 0, 1000
1, 1, 0
1, 2, 1000
2, 0, 1000
2, 1, 1000
2, 2, 1000
11

|O| | |
|-|-|-|
| |X| |
|-|-|-|
| | | |
0, 1, 0
0, 2, 0
1, 0, 0
1, 2, 0
2, 0, 0
2, 1, 0
2, 2, 0
01

|O| | |
|-|-|-|
|O|X| |
|-|-|-|
| | | |
0, 2, 0
1, 0, 1000
1, 2, 1000
2, 0, 1000
2, 1, 1000
2, 2, 1000
02

|O| | |
|-|-|-|
|O|X| |
|-|-|-|
|X| | |
1, 0, -1000
1, 2, -1000
2, 0, 0
2, 1, -1000
2, 2, -1000
10

|O|O| |
|-|-|-|
|O|X| |
|-|-|-|
|X| | |
1, 2, 1000
2, 0, -1000
2, 1, 1000
2, 2, 1000
20

|O|O|X|
|-|-|-|
|O|X| |
|-|-|-|
|X| | |
-1000

| | | |
|-|-|-|
| | | |
|-|-|-|
| | | |
0, 0, 0
0, 1, 0
0, 2, 0
1, 0, 0
1, 1, 0
1, 2, 0
2, 0, 0
2, 1, 0
2, 2, 0
00

|O| | |
|-|-|-|
| | | |
|-|-|-|
| | | |
0, 1, 1000
0, 2, 1000
1, 0, 1000
1, 1, 0
1, 2, 1000
2, 0, 1000
2, 1, 1000
2, 2, 1000
11

|O| | |
|-|-|-|
| |X| |
|-|-|-|
| | | |
0, 1, 0
0, 2, 0
1, 0, 0
1, 2, 0
2, 0, 0
2, 1, 0
2, 2, 0
01

|O| | |
|-|-|-|
|O|X| |
|-|-|-|
| | | |
0, 2, 0
1, 0, 1000
1, 2, 1000
2, 0, 1000
2, 1, 1000
2, 2, 1000
02

|O| | |
|-|-|-|
|O|X| |
|-|-|-|
|X| | |
1, 0, -1000
1, 2, -1000
2, 0, 0
2, 1, -1000
2, 2, -1000
10

|O|O| |
|-|-|-|
|O|X| |
|-|-|-|
|X| | |
1, 2, 1000
2, 0, -1000
2, 1, 1000
2, 2, 1000
20

|O|O|X|
|-|-|-|
|O|X| |
|-|-|-|
|X| | |
-1000
